#
# There is insufficient memory for the Java Runtime Environment to continue.
# Native memory allocation (mmap) failed to map 134217728 bytes. Error detail: G1 virtual space
# Possible reasons:
#   The system is out of physical RAM or swap space
#   This process is running with CompressedOops enabled, and the Java Heap may be blocking the growth of the native heap
# Possible solutions:
#   Reduce memory load on the system
#   Increase physical memory or swap space
#   Check if swap backing store is full
#   Decrease Java heap size (-Xmx/-Xms)
#   Decrease number of Java threads
#   Decrease Java thread stack sizes (-Xss)
#   Set larger code cache with -XX:ReservedCodeCacheSize=
#   JVM is running with Unscaled Compressed Oops mode in which the Java heap is
#     placed in the first 4GB address space. The Java Heap base address is the
#     maximum limit for the native heap growth. Please use -XX:HeapBaseMinAddress
#     to set the Java Heap base and to place the Java Heap above 4GB virtual address.
# This output file may be truncated or incomplete.
#
#  Out of Memory Error (os_windows.cpp:3825), pid=19592, tid=27136
#
# JRE version:  (17.0.12+1) (build )
# Java VM: OpenJDK 64-Bit Server VM (17.0.12+1-b1207.37, mixed mode, sharing, tiered, compressed oops, compressed class ptrs, g1 gc, windows-amd64)
# No core dump will be written. Minidumps are not enabled by default on client versions of Windows
#

---------------  S U M M A R Y ------------

Command Line: -Djava.rmi.server.hostname=127.0.0.1 -Duser.timezone=UTC -Xmx2048m -Xms128m -Djdbc.classpath=C:\Program Files\JetBrains\IntelliJ IDEA 2024.1.1\plugins\DatabaseTools\lib\jdbc-console.jar;C:\Users\ADMIN\AppData\Roaming\JetBrains\IntelliJIdea2024.1\jdbc-drivers\Redis\1.5\redis-jdbc-driver-1.5.jar --add-exports=java.desktop/sun.awt=ALL-UNNAMED --add-exports=java.desktop/java.awt.peer=ALL-UNNAMED --add-opens=java.desktop/java.awt=ALL-UNNAMED --add-opens=jdk.unsupported/sun.misc=ALL-UNNAMED --add-opens=java.base/java.nio=ALL-UNNAMED --add-opens=java.base/java.util=ALL-UNNAMED -Dfile.encoding=UTF-8 com.intellij.database.remote.RemoteJdbcServer jdbc.RedisDriver

Host: AMD Ryzen 5 5600H with Radeon Graphics         , 12 cores, 15G,  Windows 11 , 64 bit Build 22621 (10.0.22621.4391)
Time: Fri Feb 14 16:33:07 2025 SE Asia Standard Time elapsed time: 0.008706 seconds (0d 0h 0m 0s)

---------------  T H R E A D  ---------------

Current thread (0x0000016ed509bbd0):  JavaThread "Unknown thread" [_thread_in_vm, id=27136, stack(0x0000001e73700000,0x0000001e73800000)]

Stack: [0x0000001e73700000,0x0000001e73800000]
Native frames: (J=compiled Java code, j=interpreted, Vv=VM code, C=native code)
V  [jvm.dll+0x689d89]
V  [jvm.dll+0x84386a]
V  [jvm.dll+0x8454ee]
V  [jvm.dll+0x845b53]
V  [jvm.dll+0x24a56f]
V  [jvm.dll+0x686ad9]
V  [jvm.dll+0x67b3da]
V  [jvm.dll+0x30b15b]
V  [jvm.dll+0x312646]
V  [jvm.dll+0x36288e]
V  [jvm.dll+0x362acf]
V  [jvm.dll+0x2e125c]
V  [jvm.dll+0x2e21b4]
V  [jvm.dll+0x81420b]
V  [jvm.dll+0x370618]
V  [jvm.dll+0x7f2b45]
V  [jvm.dll+0x3f4aaf]
V  [jvm.dll+0x3f6661]
C  [jli.dll+0x528f]
C  [ucrtbase.dll+0x29333]
C  [KERNEL32.DLL+0x1259d]
C  [ntdll.dll+0x5af38]


---------------  P R O C E S S  ---------------

Threads class SMR info:
_java_thread_list=0x00007ffa814c5fd8, length=0, elements={
}

Java Threads: ( => current thread )

Other Threads:
  0x0000016ed50f7090 GCTaskThread "GC Thread#0" [stack: 0x0000001e73800000,0x0000001e73900000] [id=29164]
  0x0000016ed5107ef0 ConcurrentGCThread "G1 Main Marker" [stack: 0x0000001e73900000,0x0000001e73a00000] [id=9588]
  0x0000016ed5108fc0 ConcurrentGCThread "G1 Conc#0" [stack: 0x0000001e73a00000,0x0000001e73b00000] [id=5892]

[error occurred during error reporting (printing all threads), id 0xc0000005, EXCEPTION_ACCESS_VIOLATION (0xc0000005) at pc=0x00007ffa80c71ae7]

VM state: not at safepoint (not fully initialized)

VM Mutex/Monitor currently owned by a thread:  ([mutex/lock_event])
[0x0000016ed5096500] Heap_lock - owner thread: 0x0000016ed509bbd0

Heap address: 0x0000000080000000, size: 2048 MB, Compressed Oops mode: 32-bit

CDS archive(s) mapped at: [0x0000000000000000-0x0000000000000000-0x0000000000000000), size 0, SharedBaseAddress: 0x0000000800000000, ArchiveRelocationMode: 1.
Narrow klass base: 0x0000000000000000, Narrow klass shift: 0, Narrow klass range: 0x0

GC Precious Log:
<Empty>

Heap:
 garbage-first heap   total 0K, used 0K [0x0000000080000000, 0x0000000100000000)
  region size 1024K, 0 young (0K), 0 survivors (0K)
 Metaspace       used 0K, committed 0K, reserved 0K
  class space    used 0K, committed 0K, reserved 0K

Heap Regions: E=young(eden), S=young(survivor), O=old, HS=humongous(starts), HC=humongous(continues), CS=collection set, F=free, OA=open archive, CA=closed archive, TAMS=top-at-mark-start (previous, next)

Card table byte_map: [0x0000016ee8170000,0x0000016ee8570000] _byte_map_base: 0x0000016ee7d70000

Marking Bits (Prev, Next): (CMBitMap*) 0x0000016ed50f75c0, (CMBitMap*) 0x0000016ed50f7600
 Prev Bits: [0x0000016ee8970000, 0x0000016eea970000)
 Next Bits: [0x0000016eea970000, 0x0000016eec970000)

GC Heap History (0 events):
No events

Dll operation events (1 events):
Event: 0.006 Loaded shared library C:\Program Files\JetBrains\IntelliJ IDEA 2024.1.1\jbr\bin\java.dll

Deoptimization events (0 events):
No events

Classes loaded (0 events):
No events

Classes unloaded (0 events):
No events

Classes redefined (0 events):
No events

Internal exceptions (0 events):
No events

VM Operations (0 events):
No events

Events (0 events):
No events


Dynamic libraries:
0x00007ff61cd20000 - 0x00007ff61cd2a000 	C:\Program Files\JetBrains\IntelliJ IDEA 2024.1.1\jbr\bin\java.exe
0x00007ffaceff0000 - 0x00007ffacf207000 	C:\WINDOWS\SYSTEM32\ntdll.dll
0x00007ffacd710000 - 0x00007ffacd7d4000 	C:\WINDOWS\System32\KERNEL32.DLL
0x00007ffacc920000 - 0x00007ffacccda000 	C:\WINDOWS\System32\KERNELBASE.dll
0x00007ffacc620000 - 0x00007ffacc731000 	C:\WINDOWS\System32\ucrtbase.dll
0x00007ffac2b80000 - 0x00007ffac2b9b000 	C:\Program Files\JetBrains\IntelliJ IDEA 2024.1.1\jbr\bin\VCRUNTIME140.dll
0x00007ffabcbf0000 - 0x00007ffabcc07000 	C:\Program Files\JetBrains\IntelliJ IDEA 2024.1.1\jbr\bin\jli.dll
0x00007fface250000 - 0x00007fface3fe000 	C:\WINDOWS\System32\USER32.dll
0x00007ffacc5c0000 - 0x00007ffacc5e6000 	C:\WINDOWS\System32\win32u.dll
0x00007ffab52b0000 - 0x00007ffab5542000 	C:\WINDOWS\WinSxS\amd64_microsoft.windows.common-controls_6595b64144ccf1df_6.0.22621.4541_none_2710d1c57384c085\COMCTL32.dll
0x00007ffacdc10000 - 0x00007ffacdc39000 	C:\WINDOWS\System32\GDI32.dll
0x00007ffaced40000 - 0x00007ffacede7000 	C:\WINDOWS\System32\msvcrt.dll
0x00007ffacc330000 - 0x00007ffacc44b000 	C:\WINDOWS\System32\gdi32full.dll
0x00007ffacc740000 - 0x00007ffacc7da000 	C:\WINDOWS\System32\msvcp_win.dll
0x00007fface060000 - 0x00007fface091000 	C:\WINDOWS\System32\IMM32.DLL
0x00007ffac5b70000 - 0x00007ffac5b7c000 	C:\Program Files\JetBrains\IntelliJ IDEA 2024.1.1\jbr\bin\vcruntime140_1.dll
0x00007ffaa8480000 - 0x00007ffaa850d000 	C:\Program Files\JetBrains\IntelliJ IDEA 2024.1.1\jbr\bin\msvcp140.dll
0x00007ffa80980000 - 0x00007ffa8160a000 	C:\Program Files\JetBrains\IntelliJ IDEA 2024.1.1\jbr\bin\server\jvm.dll
0x00007ffacd650000 - 0x00007ffacd702000 	C:\WINDOWS\System32\ADVAPI32.dll
0x00007fface180000 - 0x00007fface227000 	C:\WINDOWS\System32\sechost.dll
0x00007ffacc5f0000 - 0x00007ffacc618000 	C:\WINDOWS\System32\bcrypt.dll
0x00007ffacdc40000 - 0x00007ffacdd54000 	C:\WINDOWS\System32\RPCRT4.dll
0x00007fface100000 - 0x00007fface171000 	C:\WINDOWS\System32\WS2_32.dll
0x00007ffacc180000 - 0x00007ffacc1cd000 	C:\WINDOWS\SYSTEM32\POWRPROF.dll
0x00007ffac3d30000 - 0x00007ffac3d3a000 	C:\WINDOWS\SYSTEM32\VERSION.dll
0x00007ffac7d30000 - 0x00007ffac7d64000 	C:\WINDOWS\SYSTEM32\WINMM.dll
0x00007ffacc160000 - 0x00007ffacc173000 	C:\WINDOWS\SYSTEM32\UMPDC.dll
0x00007ffacb2b0000 - 0x00007ffacb2c8000 	C:\WINDOWS\SYSTEM32\kernel.appcore.dll
0x00007ffac74d0000 - 0x00007ffac74da000 	C:\Program Files\JetBrains\IntelliJ IDEA 2024.1.1\jbr\bin\jimage.dll
0x00007ffac0100000 - 0x00007ffac0332000 	C:\WINDOWS\SYSTEM32\DBGHELP.DLL
0x00007ffacd870000 - 0x00007ffacdc01000 	C:\WINDOWS\System32\combase.dll
0x00007ffacd570000 - 0x00007ffacd647000 	C:\WINDOWS\System32\OLEAUT32.dll
0x00007ffac2cd0000 - 0x00007ffac2d02000 	C:\WINDOWS\SYSTEM32\dbgcore.DLL
0x00007ffacc7e0000 - 0x00007ffacc85b000 	C:\WINDOWS\System32\bcryptPrimitives.dll
0x00007ffabf2b0000 - 0x00007ffabf2d5000 	C:\Program Files\JetBrains\IntelliJ IDEA 2024.1.1\jbr\bin\java.dll

dbghelp: loaded successfully - version: 4.0.5 - missing functions: none
symbol engine: initialized successfully - sym options: 0x614 - pdb path: .;C:\Program Files\JetBrains\IntelliJ IDEA 2024.1.1\jbr\bin;C:\WINDOWS\SYSTEM32;C:\WINDOWS\WinSxS\amd64_microsoft.windows.common-controls_6595b64144ccf1df_6.0.22621.4541_none_2710d1c57384c085;C:\Program Files\JetBrains\IntelliJ IDEA 2024.1.1\jbr\bin\server

VM Arguments:
jvm_args: -Djava.rmi.server.hostname=127.0.0.1 -Duser.timezone=UTC -Xmx2048m -Xms128m -Djdbc.classpath=C:\Program Files\JetBrains\IntelliJ IDEA 2024.1.1\plugins\DatabaseTools\lib\jdbc-console.jar;C:\Users\ADMIN\AppData\Roaming\JetBrains\IntelliJIdea2024.1\jdbc-drivers\Redis\1.5\redis-jdbc-driver-1.5.jar --add-exports=java.desktop/sun.awt=ALL-UNNAMED --add-exports=java.desktop/java.awt.peer=ALL-UNNAMED --add-opens=java.desktop/java.awt=ALL-UNNAMED --add-opens=jdk.unsupported/sun.misc=ALL-UNNAMED --add-opens=java.base/java.nio=ALL-UNNAMED --add-opens=java.base/java.util=ALL-UNNAMED -Dfile.encoding=UTF-8 
java_command: com.intellij.database.remote.RemoteJdbcServer jdbc.RedisDriver
java_class_path (initial): C:\Program Files\JetBrains\IntelliJ IDEA 2024.1.1\lib\util_rt.jar;C:\Program Files\JetBrains\IntelliJ IDEA 2024.1.1\lib\util-8.jar;C:\Program Files\JetBrains\IntelliJ IDEA 2024.1.1\lib\groovy.jar;C:\Program Files\JetBrains\IntelliJ IDEA 2024.1.1\plugins\DatabaseTools\lib\jdbc-console.jar;C:\Program Files\JetBrains\IntelliJ IDEA 2024.1.1\plugins\grid-core-impl\lib\jdbc-console-types.jar;C:\Program Files\JetBrains\IntelliJ IDEA 2024.1.1\lib\util.jar
Launcher Type: SUN_STANDARD

[Global flags]
     intx CICompilerCount                          = 4                                         {product} {ergonomic}
     uint ConcGCThreads                            = 3                                         {product} {ergonomic}
     uint G1ConcRefinementThreads                  = 10                                        {product} {ergonomic}
   size_t G1HeapRegionSize                         = 1048576                                   {product} {ergonomic}
    uintx GCDrainStackTargetSize                   = 64                                        {product} {ergonomic}
   size_t InitialHeapSize                          = 134217728                                 {product} {command line}
   size_t MarkStackSize                            = 4194304                                   {product} {ergonomic}
   size_t MaxHeapSize                              = 2147483648                                {product} {command line}
   size_t MinHeapDeltaBytes                        = 1048576                                   {product} {ergonomic}
   size_t MinHeapSize                              = 134217728                                 {product} {command line}
    uintx NonNMethodCodeHeapSize                   = 5839372                                {pd product} {ergonomic}
    uintx NonProfiledCodeHeapSize                  = 122909434                              {pd product} {ergonomic}
    uintx ProfiledCodeHeapSize                     = 122909434                              {pd product} {ergonomic}
    uintx ReservedCodeCacheSize                    = 251658240                              {pd product} {ergonomic}
     bool SegmentedCodeCache                       = true                                      {product} {ergonomic}
   size_t SoftMaxHeapSize                          = 2147483648                             {manageable} {ergonomic}
     bool UseCompressedClassPointers               = true                           {product lp64_product} {ergonomic}
     bool UseCompressedOops                        = true                           {product lp64_product} {ergonomic}
     bool UseG1GC                                  = true                                      {product} {ergonomic}
     bool UseLargePagesIndividualAllocation        = false                                  {pd product} {ergonomic}

Logging:
Log output configuration:
 #0: stdout all=warning uptime,level,tags
 #1: stderr all=off uptime,level,tags

Environment Variables:
JAVA_HOME=C:\Program Files\Java\jdk-22
PATH=C:\Program Files (x86)\Common Files\Oracle\Java\javapath;C:\Program Files\Common Files\Oracle\Java\javapath;C:\WINDOWS\system32;C:\WINDOWS;C:\WINDOWS\System32\Wbem;C:\WINDOWS\System32\WindowsPowerShell\v1.0\;C:\WINDOWS\System32\OpenSSH\;C:\Program Files\Azure Data Studio\bin;C:\Program Files\dotnet\;%JAVA_HOME%\bin;C:\apache-maven-3.9.6\bin;C:\Program Files\Git\cmd;C:\Program Files\Microsoft SQL Server\Client SDK\ODBC\170\Tools\Binn\;C:\Program Files\Microsoft SQL Server\160\DTS\Binn\;C:\Program Files (x86)\Microsoft SQL Server\160\DTS\Binn\;C:\Users\ADMIN\AppData\Roaming\nvm;C:\Program Files\nodejs;C:\Users\ADMIN\Downloads\flutter_windows_3.24.5-stable\flutter\bin;C:\Program Files\Docker\Docker\resources\bin;C:\Program Files\Java\jdk-22\bin;C:\Users\ADMIN\AppData\Local\Programs\Python\Python313\Scripts\;C:\Users\ADMIN\AppData\Local\Programs\Python\Python313\;C:\Users\ADMIN\AppData\Local\Programs\Python\Launcher\;C:\Users\ADMIN\AppData\Local\Microsoft\WindowsApps;C:\Program Files\JetBrains\PyCharm 2024.3\bin;;C:\Program Files\Azure Data Studio\bin;C:\Users\ADMIN\.dotnet\tools;C:\Program Files\Java\jdk-20\bin;C:\Program Files (x86)\Inno Setup 5;C:\Users\ADMIN\AppData\Local\Programs\Microsoft VS Code\bin;C:\Users\ADMIN\AppData\Roaming\npm;C:\Users\ADMIN\AppData\Local\Microsoft\WinGet\Packages\Schniz.fnm_Microsoft.Winget.Source_8wekyb3d8bbwe;C:\Users\ADMIN\AppData\Roaming\nvm;C:\Program Files\nodejs;C:\Users\ADMIN\AppData\Local\Programs\oh-my-posh\bin;C:\Program Files\Graphviz\bin;C:\Program Files\JetBrains\WebStorm 2024.2.4\bin;
USERNAME=ADMIN
OS=Windows_NT
PROCESSOR_IDENTIFIER=AMD64 Family 25 Model 80 Stepping 0, AuthenticAMD
TMP=C:\Users\ADMIN\AppData\Local\Temp
TEMP=C:\Users\ADMIN\AppData\Local\Temp



Periodic native trim disabled

JNI global refs:
JNI global refs: 0, weak refs: 0

JNI global refs memory usage: 0, weak refs: 0

Process memory usage:
Resident Set Size: 11692K (0% of 16132976K total physical memory with 4506080K free physical memory)

OOME stack traces (most recent first):
Classloader memory used:


---------------  S Y S T E M  ---------------

OS:
 Windows 11 , 64 bit Build 22621 (10.0.22621.4391)
OS uptime: 28 days 20:01 hours
Hyper-V role detected

CPU: total 12 (initial active 12) (12 cores per cpu, 2 threads per core) family 25 model 80 stepping 0 microcode 0x0, cx8, cmov, fxsr, ht, mmx, 3dnowpref, sse, sse2, sse3, ssse3, sse4a, sse4.1, sse4.2, popcnt, lzcnt, tsc, tscinvbit, avx, avx2, aes, erms, clmul, bmi1, bmi2, adx, sha, fma, vzeroupper, clflush, clflushopt, hv
Processor Information for processor 0
  Max Mhz: 3301, Current Mhz: 2630, Mhz Limit: 3301
Processor Information for processor 1
  Max Mhz: 3301, Current Mhz: 2630, Mhz Limit: 3301
Processor Information for processor 2
  Max Mhz: 3301, Current Mhz: 3301, Mhz Limit: 3301
Processor Information for processor 3
  Max Mhz: 3301, Current Mhz: 2630, Mhz Limit: 3301
Processor Information for processor 4
  Max Mhz: 3301, Current Mhz: 2630, Mhz Limit: 3301
Processor Information for processor 5
  Max Mhz: 3301, Current Mhz: 2630, Mhz Limit: 3301
Processor Information for processor 6
  Max Mhz: 3301, Current Mhz: 2630, Mhz Limit: 3301
Processor Information for processor 7
  Max Mhz: 3301, Current Mhz: 2630, Mhz Limit: 3301
Processor Information for processor 8
  Max Mhz: 3301, Current Mhz: 2630, Mhz Limit: 3301
Processor Information for processor 9
  Max Mhz: 3301, Current Mhz: 2630, Mhz Limit: 3301
Processor Information for processor 10
  Max Mhz: 3301, Current Mhz: 3301, Mhz Limit: 3301
Processor Information for processor 11
  Max Mhz: 3301, Current Mhz: 2630, Mhz Limit: 3301

Memory: 4k page, system-wide physical 15754M (4400M free)
TotalPageFile size 23946M (AvailPageFile size 108M)
current process WorkingSet (physical memory assigned to process): 11M, peak: 11M
current process commit charge ("private bytes"): 64M, peak: 192M

vm_info: OpenJDK 64-Bit Server VM (17.0.12+1-b1207.37) for windows-amd64 JRE (17.0.12+1-b1207.37), built on 2024-09-25 by "builduser" with MS VC++ 16.10 / 16.11 (VS2019)

END.
